{"/Users/user/Desktop/homework8/src/index.js": {"path":"/Users/user/Desktop/homework8/src/index.js","statementMap":{"0":{"start":{"line":2,"column":2},"end":{"line":9,"column":6}},"1":{"start":{"line":4,"column":9},"end":{"line":9,"column":3}}},"fnMap":{"0":{"name":"extractSpecialAttacks","decl":{"start":{"line":1,"column":24},"end":{"line":1,"column":45}},"loc":{"start":{"line":1,"column":59},"end":{"line":10,"column":1}},"line":1},"1":{"name":"(anonymous_1)","decl":{"start":{"line":2,"column":21},"end":{"line":2,"column":22}},"loc":{"start":{"line":4,"column":9},"end":{"line":9,"column":3}},"line":4}},"branchMap":{"0":{"loc":{"start":{"line":3,"column":20},"end":{"line":3,"column":55}},"type":"default-arg","locations":[{"start":{"line":3,"column":34},"end":{"line":3,"column":55}}],"line":3}},"s":{"0":3,"1":2},"f":{"0":3,"1":2},"b":{"0":[1]},"_coverageSchema":"1a1c01bbd47fc00a2c39e90264f33305004495a9","hash":"3a2e603ac1d3fa03b1f9aa2f1788154131ac66b1"}
}
